Flow report for four_bit_adder
Sun Oct 04 18:45:46 2020
Quartus Prime Version 19.1.0 Build 670 09/22/2019 SJ Lite Edition


---------------------
; Table of Contents ;
---------------------
  1. Legal Notice
  2. Flow Summary
  3. Flow Settings
  4. Flow Non-Default Global Settings
  5. Flow Elapsed Time
  6. Flow OS Summary
  7. Flow Log
  8. Flow Messages
  9. Flow Suppressed Messages



----------------
; Legal Notice ;
----------------
Copyright (C) 2019  Intel Corporation. All rights reserved.
Your use of Intel Corporation's design tools, logic functions 
and other software and tools, and any partner logic 
functions, and any output files from any of the foregoing 
(including device programming or simulation files), and any 
associated documentation or information are expressly subject 
to the terms and conditions of the Intel Program License 
Subscription Agreement, the Intel Quartus Prime License Agreement,
the Intel FPGA IP License Agreement, or other applicable license
agreement, including, without limitation, that your use is for
the sole purpose of programming logic devices manufactured by
Intel and sold by Intel or its authorized distributors.  Please
refer to the applicable agreement for further details, at
https://fpgasoftware.intel.com/eula.



+----------------------------------------------------------------------------------+
; Flow Summary                                                                     ;
+------------------------------------+---------------------------------------------+
; Flow Status                        ; Successful - Sun Oct 04 18:45:46 2020       ;
; Quartus Prime Version              ; 19.1.0 Build 670 09/22/2019 SJ Lite Edition ;
; Revision Name                      ; four_bit_adder                              ;
; Top-level Entity Name              ; four_bit_adder                              ;
; Family                             ; MAX 10                                      ;
; Device                             ; 10M40DAF484C7G                              ;
; Timing Models                      ; Final                                       ;
; Total logic elements               ; 8 / 40,368 ( < 1 % )                        ;
;     Total combinational functions  ; 8 / 40,368 ( < 1 % )                        ;
;     Dedicated logic registers      ; 0 / 40,368 ( 0 % )                          ;
; Total registers                    ; 0                                           ;
; Total pins                         ; 13 / 360 ( 4 % )                            ;
; Total virtual pins                 ; 0                                           ;
; Total memory bits                  ; 0 / 1,290,240 ( 0 % )                       ;
; Embedded Multiplier 9-bit elements ; 0 / 250 ( 0 % )                             ;
; Total PLLs                         ; 0 / 4 ( 0 % )                               ;
; UFM blocks                         ; 0 / 1 ( 0 % )                               ;
; ADC blocks                         ; 0 / 2 ( 0 % )                               ;
+------------------------------------+---------------------------------------------+


+-----------------------------------------+
; Flow Settings                           ;
+-------------------+---------------------+
; Option            ; Setting             ;
+-------------------+---------------------+
; Start date & time ; 10/04/2020 18:43:01 ;
; Main task         ; Compilation         ;
; Revision Name     ; four_bit_adder      ;
+-------------------+---------------------+


+-------------------------------------------------------------------------------------------------------------------------+
; Flow Non-Default Global Settings                                                                                        ;
+-------------------------------------+----------------------------------------+---------------+-------------+------------+
; Assignment Name                     ; Value                                  ; Default Value ; Entity Name ; Section Id ;
+-------------------------------------+----------------------------------------+---------------+-------------+------------+
; COMPILER_SIGNATURE_ID               ; 103954751247173.160185138127180        ; --            ; --          ; --         ;
; MAX_CORE_JUNCTION_TEMP              ; 85                                     ; --            ; --          ; --         ;
; MIN_CORE_JUNCTION_TEMP              ; 0                                      ; --            ; --          ; --         ;
; PARTITION_COLOR                     ; -- (Not supported for targeted family) ; --            ; --          ; Top        ;
; PARTITION_FITTER_PRESERVATION_LEVEL ; -- (Not supported for targeted family) ; --            ; --          ; Top        ;
; PARTITION_NETLIST_TYPE              ; -- (Not supported for targeted family) ; --            ; --          ; Top        ;
; PROJECT_OUTPUT_DIRECTORY            ; output_files                           ; --            ; --          ; --         ;
+-------------------------------------+----------------------------------------+---------------+-------------+------------+


+--------------------------------------------------------------------------------------------------------------------------+
; Flow Elapsed Time                                                                                                        ;
+----------------------+--------------+-------------------------+---------------------+------------------------------------+
; Module Name          ; Elapsed Time ; Average Processors Used ; Peak Virtual Memory ; Total CPU Time (on all processors) ;
+----------------------+--------------+-------------------------+---------------------+------------------------------------+
; Analysis & Synthesis ; 00:00:11     ; 1.0                     ; 4800 MB             ; 00:00:24                           ;
; Fitter               ; 00:00:14     ; 1.0                     ; 5646 MB             ; 00:00:15                           ;
; Assembler            ; 00:00:03     ; 1.0                     ; 4699 MB             ; 00:00:03                           ;
; Timing Analyzer      ; 00:00:06     ; 1.0                     ; 4826 MB             ; 00:00:05                           ;
; EDA Netlist Writer   ; 00:00:01     ; 1.0                     ; 4642 MB             ; 00:00:01                           ;
; EDA Netlist Writer   ; 00:00:01     ; 1.0                     ; 4651 MB             ; 00:00:01                           ;
; Total                ; 00:00:36     ; --                      ; --                  ; 00:00:49                           ;
+----------------------+--------------+-------------------------+---------------------+------------------------------------+


+--------------------------------------------------------------------------------------+
; Flow OS Summary                                                                      ;
+----------------------+--------------------+------------+------------+----------------+
; Module Name          ; Machine Hostname   ; OS Name    ; OS Version ; Processor type ;
+----------------------+--------------------+------------+------------+----------------+
; Analysis & Synthesis ; LAPTOP-LENOVO-DREW ; Windows 10 ; 10.0       ; x86_64         ;
; Fitter               ; LAPTOP-LENOVO-DREW ; Windows 10 ; 10.0       ; x86_64         ;
; Assembler            ; LAPTOP-LENOVO-DREW ; Windows 10 ; 10.0       ; x86_64         ;
; Timing Analyzer      ; LAPTOP-LENOVO-DREW ; Windows 10 ; 10.0       ; x86_64         ;
; EDA Netlist Writer   ; LAPTOP-LENOVO-DREW ; Windows 10 ; 10.0       ; x86_64         ;
; EDA Netlist Writer   ; LAPTOP-LENOVO-DREW ; Windows 10 ; 10.0       ; x86_64         ;
+----------------------+--------------------+------------+------------+----------------+


------------
; Flow Log ;
------------
quartus_map --read_settings_files=on --write_settings_files=off four_bit_adder -c four_bit_adder
quartus_fit --read_settings_files=off --write_settings_files=off four_bit_adder -c four_bit_adder
quartus_asm --read_settings_files=off --write_settings_files=off four_bit_adder -c four_bit_adder
quartus_sta four_bit_adder -c four_bit_adder
quartus_eda --gen_testbench --tool=modelsim_oem --format=vhdl --write_settings_files=off four_bit_adder -c four_bit_adder --vector_source="C:/Users/busin/Desktop/College Classes/Fall 2020/CPE 272/Lab 5/Part 4/Waveform.vwf" --testbench_file="C:/Users/busin/Desktop/College Classes/Fall 2020/CPE 272/Lab 5/Part 4/simulation/qsim/Waveform.vwf.vht"
quartus_eda --write_settings_files=off --simulation=on --functional=on --flatten_buses=off --tool=modelsim_oem --format=vhdl --output_directory="C:/Users/busin/Desktop/College Classes/Fall 2020/CPE 272/Lab 5/Part 4/simulation/qsim/" four_bit_adder -c four_bit_adder



